[0325/125015.980:ERROR:process_reader_win.cc(151)] SuspendThread: Access is denied. (0x5)
[0325/125015.981:ERROR:exception_snapshot_win.cc(98)] thread ID 7112 not found in process
[0325/125015.981:ERROR:scoped_process_suspend.cc(40)] NtResumeProcess: An attempt was made to access an exiting process. (0xc000010a)
<<<<<<< HEAD
[0731/130207.327:ERROR:crash_report_database_win.cc(558)] GetFileAttributes C:\Users\NITHIN~1.DEV\AppData\Local\Temp\scoped_dir14032_8779388\Crashpad: The system cannot find the file specified. (0x2)
[0731/130226.007:ERROR:crash_report_database_win.cc(558)] GetFileAttributes C:\Users\NITHIN~1.DEV\AppData\Local\Temp\scoped_dir6220_1808661934\Crashpad: The system cannot find the file specified. (0x2)
[0731/131113.056:ERROR:crash_report_database_win.cc(558)] GetFileAttributes C:\Users\NITHIN~1.DEV\AppData\Local\Temp\scoped_dir5096_1313756006\Crashpad: The system cannot find the file specified. (0x2)
[0731/161338.800:ERROR:crash_report_database_win.cc(558)] GetFileAttributes C:\Users\NITHIN~1.DEV\AppData\Local\Temp\scoped_dir4028_96757845\Crashpad: The system cannot find the file specified. (0x2)
=======
>>>>>>> d609dfd1a34f36e52548cbd4859397fca6285892
[0807/092009.081:ERROR:crash_report_database_win.cc(558)] GetFileAttributes C:\Users\NITHIN~1.DEV\AppData\Local\Temp\scoped_dir4916_1978649105\Crashpad: The system cannot find the file specified. (0x2)
[0807/092026.938:ERROR:crash_report_database_win.cc(558)] GetFileAttributes C:\Users\NITHIN~1.DEV\AppData\Local\Temp\scoped_dir16312_1014549530\Crashpad: The system cannot find the file specified. (0x2)
[0807/092612.564:ERROR:crash_report_database_win.cc(558)] GetFileAttributes C:\Users\NITHIN~1.DEV\AppData\Local\Temp\scoped_dir1472_796102204\Crashpad: The system cannot find the file specified. (0x2)
[0807/092658.346:ERROR:crash_report_database_win.cc(558)] GetFileAttributes C:\Users\NITHIN~1.DEV\AppData\Local\Temp\scoped_dir12108_20022813\Crashpad: The system cannot find the file specified. (0x2)
[0807/092707.498:ERROR:crash_report_database_win.cc(558)] GetFileAttributes C:\Users\NITHIN~1.DEV\AppData\Local\Temp\scoped_dir13844_1704558732\Crashpad: The system cannot find the file specified. (0x2)
[0807/124510.140:ERROR:crash_report_database_win.cc(558)] GetFileAttributes C:\Users\NITHIN~1.DEV\AppData\Local\Temp\scoped_dir20976_665613933\Crashpad: The system cannot find the file specified. (0x2)
[0807/125237.237:ERROR:crash_report_database_win.cc(558)] GetFileAttributes C:\Users\NITHIN~1.DEV\AppData\Local\Temp\scoped_dir19500_1735520993\Crashpad: The system cannot find the file specified. (0x2)
[0807/132231.405:ERROR:crash_report_database_win.cc(558)] GetFileAttributes C:\Users\NITHIN~1.DEV\AppData\Local\Temp\scoped_dir4764_593181581\Crashpad: The system cannot find the file specified. (0x2)
[0807/135626.091:ERROR:crash_report_database_win.cc(558)] GetFileAttributes C:\Users\NITHIN~1.DEV\AppData\Local\Temp\scoped_dir20372_1748593584\Crashpad: The system cannot find the file specified. (0x2)
[0807/135653.586:ERROR:crash_report_database_win.cc(558)] GetFileAttributes C:\Users\NITHIN~1.DEV\AppData\Local\Temp\scoped_dir4424_1449986920\Crashpad: The system cannot find the file specified. (0x2)
[0807/135733.323:ERROR:crash_report_database_win.cc(558)] GetFileAttributes C:\Users\NITHIN~1.DEV\AppData\Local\Temp\scoped_dir18796_237878539\Crashpad: The system cannot find the file specified. (0x2)
[0807/135755.628:ERROR:crash_report_database_win.cc(558)] GetFileAttributes C:\Users\NITHIN~1.DEV\AppData\Local\Temp\scoped_dir3508_1906999827\Crashpad: The system cannot find the file specified. (0x2)
[0807/142406.317:ERROR:crash_report_database_win.cc(558)] GetFileAttributes C:\Users\NITHIN~1.DEV\AppData\Local\Temp\scoped_dir8032_1145723416\Crashpad: The system cannot find the file specified. (0x2)
[0807/145710.790:ERROR:crash_report_database_win.cc(558)] GetFileAttributes C:\Users\NITHIN~1.DEV\AppData\Local\Temp\scoped_dir1304_938089731\Crashpad: The system cannot find the file specified. (0x2)
[0807/155000.134:ERROR:crash_report_database_win.cc(558)] GetFileAttributes C:\Users\NITHIN~1.DEV\AppData\Local\Temp\scoped_dir18180_1960365825\Crashpad: The system cannot find the file specified. (0x2)
[0808/152435.215:ERROR:process_reader_win.cc(123)] NtOpenThread: {Access Denied} A process has requested access to an object, but has not been granted those access rights. (0xc0000022)
[0808/164623.324:ERROR:crash_report_database_win.cc(558)] GetFileAttributes C:\Users\NITHIN~1.DEV\AppData\Local\Temp\scoped_dir23172_1054377010\Crashpad: The system cannot find the file specified. (0x2)
[0808/164708.208:ERROR:crash_report_database_win.cc(558)] GetFileAttributes C:\Users\NITHIN~1.DEV\AppData\Local\Temp\scoped_dir19428_1152094106\Crashpad: The system cannot find the file specified. (0x2)
[0808/164754.065:ERROR:crash_report_database_win.cc(558)] GetFileAttributes C:\Users\NITHIN~1.DEV\AppData\Local\Temp\scoped_dir12528_2093465715\Crashpad: The system cannot find the file specified. (0x2)
[0808/165324.643:ERROR:crash_report_database_win.cc(558)] GetFileAttributes C:\Users\NITHIN~1.DEV\AppData\Local\Temp\scoped_dir21948_1701546359\Crashpad: The system cannot find the file specified. (0x2)
[0808/165348.545:ERROR:crash_report_database_win.cc(558)] GetFileAttributes C:\Users\NITHIN~1.DEV\AppData\Local\Temp\scoped_dir22100_160856922\Crashpad: The system cannot find the file specified. (0x2)
[0808/165409.389:ERROR:crash_report_database_win.cc(558)] GetFileAttributes C:\Users\NITHIN~1.DEV\AppData\Local\Temp\scoped_dir20548_2132398179\Crashpad: The system cannot find the file specified. (0x2)
[0808/165744.021:ERROR:crash_report_database_win.cc(558)] GetFileAttributes C:\Users\NITHIN~1.DEV\AppData\Local\Temp\scoped_dir12028_1776844101\Crashpad: The system cannot find the file specified. (0x2)
[0808/165807.238:ERROR:crash_report_database_win.cc(558)] GetFileAttributes C:\Users\NITHIN~1.DEV\AppData\Local\Temp\scoped_dir15200_998710942\Crashpad: The system cannot find the file specified. (0x2)
[0808/170246.346:ERROR:crash_report_database_win.cc(558)] GetFileAttributes C:\Users\NITHIN~1.DEV\AppData\Local\Temp\scoped_dir22416_2124849718\Crashpad: The system cannot find the file specified. (0x2)
[0808/171009.010:ERROR:crash_report_database_win.cc(558)] GetFileAttributes C:\Users\NITHIN~1.DEV\AppData\Local\Temp\scoped_dir13240_507106322\Crashpad: The system cannot find the file specified. (0x2)
[0809/114635.731:ERROR:crash_report_database_win.cc(558)] GetFileAttributes C:\Users\NITHIN~1.DEV\AppData\Local\Temp\scoped_dir25028_725892706\Crashpad: The system cannot find the file specified. (0x2)
[0809/114844.212:ERROR:crash_report_database_win.cc(558)] GetFileAttributes C:\Users\NITHIN~1.DEV\AppData\Local\Temp\scoped_dir19132_2055445810\Crashpad: The system cannot find the file specified. (0x2)
[0809/114941.891:ERROR:crash_report_database_win.cc(558)] GetFileAttributes C:\Users\NITHIN~1.DEV\AppData\Local\Temp\scoped_dir25712_1595788947\Crashpad: The system cannot find the file specified. (0x2)
[0809/120142.503:ERROR:crash_report_database_win.cc(558)] GetFileAttributes C:\Users\NITHIN~1.DEV\AppData\Local\Temp\scoped_dir6480_397521951\Crashpad: The system cannot find the file specified. (0x2)
[0809/122346.053:ERROR:crash_report_database_win.cc(558)] GetFileAttributes C:\Users\NITHIN~1.DEV\AppData\Local\Temp\scoped_dir26156_1996169725\Crashpad: The system cannot find the file specified. (0x2)
[0809/125029.392:ERROR:crash_report_database_win.cc(558)] GetFileAttributes C:\Users\NITHIN~1.DEV\AppData\Local\Temp\scoped_dir18552_160858367\Crashpad: The system cannot find the file specified. (0x2)
[0809/125138.723:ERROR:crash_report_database_win.cc(558)] GetFileAttributes C:\Users\NITHIN~1.DEV\AppData\Local\Temp\scoped_dir26284_608719659\Crashpad: The system cannot find the file specified. (0x2)
[0809/125159.219:ERROR:crash_report_database_win.cc(558)] GetFileAttributes C:\Users\NITHIN~1.DEV\AppData\Local\Temp\scoped_dir26992_1335624341\Crashpad: The system cannot find the file specified. (0x2)
[0809/131855.014:ERROR:crash_report_database_win.cc(558)] GetFileAttributes C:\Users\NITHIN~1.DEV\AppData\Local\Temp\scoped_dir26116_750221163\Crashpad: The system cannot find the file specified. (0x2)
[0810/152743.619:ERROR:crash_report_database_win.cc(558)] GetFileAttributes C:\Users\NITHIN~1.DEV\AppData\Local\Temp\scoped_dir1932_1496589127\Crashpad: The system cannot find the file specified. (0x2)
[0810/152854.618:ERROR:crash_report_database_win.cc(558)] GetFileAttributes C:\Users\NITHIN~1.DEV\AppData\Local\Temp\scoped_dir16792_2040120716\Crashpad: The system cannot find the file specified. (0x2)
